<?xml version="1.0" encoding="UTF-8" ?>
<testsuite failures="0" time="254.079" errors="1" skipped="0" tests="3" name="Selenium.TestScenarios">
  <properties>
[...]
</properties>
  <testcase time="76.481" classname="Selenium.TestScenarios" name="test1"/>
  <testcase time="62.135" classname="Selenium.TestScenarios" name="test2">
    <error message="Element is not currently visible and so may not be interacted with
Command duration or timeout: 15 milliseconds
Build info: version: &apos;2.40.0&apos;, revision: &apos;4c5c0568b004f67810ee41c459549aa4b09c651e&apos;, time: &apos;2014-02-19 11:13:01&apos;
System info: host: &apos;Administrators-Mac-mini-52.local&apos;, ip: &apos;172.16.23.26&apos;, os.name: &apos;Mac OS X&apos;, os.arch: &apos;x86_64&apos;, os.version: &apos;10.7.5&apos;, java.version: &apos;1.6.0_51&apos;
Session ID: a5a22b92-8f59-734d-b740-97c9fc36aa18
Driver info: org.openqa.selenium.firefox.FirefoxDriver
Capabilities [{platform=MAC, acceptSslCerts=true, javascriptEnabled=true, browserName=firefox, rotatable=false, locationContextEnabled=true, version=27.0.1, cssSelectorsEnabled=true, databaseEnabled=true, handlesAlerts=true, browserConnectionEnabled=true, nativeEvents=false, webStorageEnabled=true, applicationCacheEnabled=true, takesScreenshot=true}]" type="org.openqa.selenium.ElementNotVisibleException">org.openqa.selenium.ElementNotVisibleException: Element is not currently visible and so may not be interacted with
Command duration or timeout: 15 milliseconds
Build info: version: &apos;2.40.0&apos;, revision: &apos;4c5c0568b004f67810ee41c459549aa4b09c651e&apos;, time: &apos;2014-02-19 11:13:01&apos;
System info: host: &apos;Administrators-Mac-mini-52.local&apos;, ip: &apos;172.16.23.26&apos;, os.name: &apos;Mac OS X&apos;, os.arch: &apos;x86_64&apos;, os.version: &apos;10.7.5&apos;, java.version: &apos;1.6.0_51&apos;
Session ID: a5a22b92-8f59-734d-b740-97c9fc36aa18
Driver info: org.openqa.selenium.firefox.FirefoxDriver
Capabilities [{platform=MAC, acceptSslCerts=true, javascriptEnabled=true, browserName=firefox, rotatable=false, locationContextEnabled=true, version=27.0.1, cssSelectorsEnabled=true, databaseEnabled=true, handlesAlerts=true, browserConnectionEnabled=true, nativeEvents=false, webStorageEnabled=true, applicationCacheEnabled=true, takesScreenshot=true}]
	at sun.reflect.NativeConstructorAccessorImpl.newInstance0(Native Method)
	at sun.reflect.NativeConstructorAccessorImpl.newInstance(NativeConstructorAccessorImpl.java:39)
	at sun.reflect.DelegatingConstructorAccessorImpl.newInstance(DelegatingConstructorAccessorImpl.java:27)
	at java.lang.reflect.Constructor.newInstance(Constructor.java:513)
	at org.openqa.selenium.remote.ErrorHandler.createThrowable(ErrorHandler.java:193)
	at org.openqa.selenium.remote.ErrorHandler.throwIfResponseFailed(ErrorHandler.java:145)
	at org.openqa.selenium.remote.RemoteWebDriver.execute(RemoteWebDriver.java:573)
	at org.openqa.selenium.remote.RemoteWebElement.execute(RemoteWebElement.java:268)
	at org.openqa.selenium.remote.RemoteWebElement.click(RemoteWebElement.java:79)
	at Selenium.TestScenarios.test2(TestScenarios.java:52)
	at sun.reflect.NativeMethodAccessorImpl.invoke0(Native Method)
	at sun.reflect.NativeMethodAccessorImpl.invoke(NativeMethodAccessorImpl.java:39)
	at sun.reflect.DelegatingMethodAccessorImpl.invoke(DelegatingMethodAccessorImpl.java:25)
	at java.lang.reflect.Method.invoke(Method.java:597)
	at org.junit.runners.model.FrameworkMethod$1.runReflectiveCall(FrameworkMethod.java:47)
	at org.junit.internal.runners.model.ReflectiveCallable.run(ReflectiveCallable.java:12)
	at org.junit.runners.model.FrameworkMethod.invokeExplosively(FrameworkMethod.java:44)
	at org.junit.internal.runners.statements.InvokeMethod.evaluate(InvokeMethod.java:17)
	at org.junit.internal.runners.statements.RunBefores.evaluate(RunBefores.java:26)
	at org.junit.internal.runners.statements.RunAfters.evaluate(RunAfters.java:27)
	at org.junit.runners.ParentRunner.runLeaf(ParentRunner.java:271)
	at org.junit.runners.BlockJUnit4ClassRunner.runChild(BlockJUnit4ClassRunner.java:70)
	at org.junit.runners.BlockJUnit4ClassRunner.runChild(BlockJUnit4ClassRunner.java:50)
	at org.junit.runners.ParentRunner$3.run(ParentRunner.java:238)
	at org.junit.runners.ParentRunner$1.schedule(ParentRunner.java:63)
	at org.junit.runners.ParentRunner.runChildren(ParentRunner.java:236)
	at org.junit.runners.ParentRunner.access$000(ParentRunner.java:53)
	at org.junit.runners.ParentRunner$2.evaluate(ParentRunner.java:229)
	at org.junit.runners.ParentRunner.run(ParentRunner.java:309)
	at org.apache.maven.surefire.junit4.JUnit4TestSet.execute(JUnit4TestSet.java:35)
	at org.apache.maven.surefire.junit4.JUnit4Provider.executeTestSet(JUnit4Provider.java:115)
	at org.apache.maven.surefire.junit4.JUnit4Provider.invoke(JUnit4Provider.java:97)
	at sun.reflect.NativeMethodAccessorImpl.invoke0(Native Method)
	at sun.reflect.NativeMethodAccessorImpl.invoke(NativeMethodAccessorImpl.java:39)
	at sun.reflect.DelegatingMethodAccessorImpl.invoke(DelegatingMethodAccessorImpl.java:25)
	at java.lang.reflect.Method.invoke(Method.java:597)
	at org.apache.maven.surefire.booter.ProviderFactory$ClassLoaderProxy.invoke(ProviderFactory.java:103)
	at com.sun.proxy.$Proxy0.invoke(Unknown Source)
	at org.apache.maven.surefire.booter.SurefireStarter.invokeProvider(SurefireStarter.java:150)
	at org.apache.maven.surefire.booter.SurefireStarter.runSuitesInProcess(SurefireStarter.java:91)
	at org.apache.maven.surefire.booter.ForkedBooter.main(ForkedBooter.java:69)
Caused by: org.openqa.selenium.remote.ErrorHandler$UnknownServerException: Element is not currently visible and so may not be interacted with
Build info: version: &apos;2.40.0&apos;, revision: &apos;4c5c0568b004f67810ee41c459549aa4b09c651e&apos;, time: &apos;2014-02-19 11:13:01&apos;
System info: host: &apos;Administrators-Mac-mini-52.local&apos;, ip: &apos;172.16.23.26&apos;, os.name: &apos;Mac OS X&apos;, os.arch: &apos;x86_64&apos;, os.version: &apos;10.7.5&apos;, java.version: &apos;1.6.0_51&apos;
Driver info: driver.version: unknown
	at &lt;anonymous class&gt;.fxdriver.preconditions.visible(file:///var/folders/wc/6q7tfggj6qdcynh92m7w34940000gp/T/anonymous7465156543659254392webdriver-profile/extensions/fxdriver@googlecode.com/components/command_processor.js:8225)
	at &lt;anonymous class&gt;.DelayedCommand.prototype.checkPreconditions_(file:///var/folders/wc/6q7tfggj6qdcynh92m7w34940000gp/T/anonymous7465156543659254392webdriver-profile/extensions/fxdriver@googlecode.com/components/command_processor.js:10861)
	at &lt;anonymous class&gt;.DelayedCommand.prototype.executeInternal_/h(file:///var/folders/wc/6q7tfggj6qdcynh92m7w34940000gp/T/anonymous7465156543659254392webdriver-profile/extensions/fxdriver@googlecode.com/components/command_processor.js:10878)
	at &lt;anonymous class&gt;.DelayedCommand.prototype.executeInternal_(file:///var/folders/wc/6q7tfggj6qdcynh92m7w34940000gp/T/anonymous7465156543659254392webdriver-profile/extensions/fxdriver@googlecode.com/components/command_processor.js:10883)
	at &lt;anonymous class&gt;.DelayedCommand.prototype.execute/&lt;(file:///var/folders/wc/6q7tfggj6qdcynh92m7w34940000gp/T/anonymous7465156543659254392webdriver-profile/extensions/fxdriver@googlecode.com/components/command_processor.js:10825)
</error>
    <system-err>Mar 12, 2014 6:40:06 PM Selenium.ReadXmlFile &lt;init&gt;
INFO: @ReadXMLFile Constructor::loading *****Constants******
</system-err>
  </testcase>
  <testcase time="115.314" classname="Selenium.TestScenarios" name="test3"/>
</testsuite>